# JRE version: OpenJDK Runtime Environment (8.0_152-b02) (build 1.8.0_152-release-1024-b02)
# Java VM: OpenJDK 64-Bit Server VM (25.152-b02 mixed mode windows-amd64 compressed oops)
Heap:
 PSYoungGen      total 423424K, used 9905K [0x00000000e0000000, 0x00000000feb00000, 0x0000000100000000)
  eden space 397824K, 0% used [0x00000000e0000000,0x00000000e0000000,0x00000000f8480000)
  from space 25600K, 38% used [0x00000000f8480000,0x00000000f8e2c580,0x00000000f9d80000)
  to   space 25088K, 0% used [0x00000000fd280000,0x00000000fd280000,0x00000000feb00000)
 ParOldGen       total 126976K, used 65640K [0x00000000a0000000, 0x00000000a7c00000, 0x00000000e0000000)
  object space 126976K, 51% used [0x00000000a0000000,0x00000000a401a090,0x00000000a7c00000)
 Metaspace       used 93332K, capacity 98296K, committed 98380K, reserved 1134592K
  class space    used 11695K, capacity 12635K, committed 12672K, reserved 1048576K
GC Heap History (10 events):
Event: 1800.537 GC heap after
Heap after GC invocations=20 (full 3):
 PSYoungGen      total 427520K, used 8206K [0x00000000e0000000, 0x00000000fcd00000, 0x0000000100000000)
  eden space 418816K, 0% used [0x00000000e0000000,0x00000000e0000000,0x00000000f9900000)
  from space 8704K, 94% used [0x00000000faa80000,0x00000000fb283b30,0x00000000fb300000)
  to   space 26624K, 0% used [0x00000000fb300000,0x00000000fb300000,0x00000000fcd00000)
 ParOldGen       total 126976K, used 65624K [0x00000000a0000000, 0x00000000a7c00000, 0x00000000e0000000)
  object space 126976K, 51% used [0x00000000a0000000,0x00000000a4016090,0x00000000a7c00000)
 Metaspace       used 91225K, capacity 95632K, committed 96000K, reserved 1132544K
  class space    used 11537K, capacity 12419K, committed 12544K, reserved 1048576K
}
Event: 1812.848 GC heap before
{Heap before GC invocations=21 (full 3):
 PSYoungGen      total 427520K, used 426976K [0x00000000e0000000, 0x00000000fcd00000, 0x0000000100000000)
  eden space 418816K, 99% used [0x00000000e0000000,0x00000000f98f4828,0x00000000f9900000)
  from space 8704K, 94% used [0x00000000faa80000,0x00000000fb283b30,0x00000000fb300000)
  to   space 26624K, 0% used [0x00000000fb300000,0x00000000fb300000,0x00000000fcd00000)
 ParOldGen       total 126976K, used 65624K [0x00000000a0000000, 0x00000000a7c00000, 0x00000000e0000000)
  object space 126976K, 51% used [0x00000000a0000000,0x00000000a4016090,0x00000000a7c00000)
 Metaspace       used 92782K, capacity 97372K, committed 97536K, reserved 1134592K
  class space    used 11626K, capacity 12531K, committed 12544K, reserved 1048576K
Event: 1812.897 GC heap after
Heap after GC invocations=21 (full 3):
 PSYoungGen      total 417792K, used 16184K [0x00000000e0000000, 0x00000000fc300000, 0x0000000100000000)
  eden space 401408K, 0% used [0x00000000e0000000,0x00000000e0000000,0x00000000f8800000)
  from space 16384K, 98% used [0x00000000fb300000,0x00000000fc2ce360,0x00000000fc300000)
  to   space 26624K, 0% used [0x00000000f8f00000,0x00000000f8f00000,0x00000000fa900000)
 ParOldGen       total 126976K, used 65632K [0x00000000a0000000, 0x00000000a7c00000, 0x00000000e0000000)
  object space 126976K, 51% used [0x00000000a0000000,0x00000000a4018090,0x00000000a7c00000)
 Metaspace       used 92782K, capacity 97372K, committed 97536K, reserved 1134592K
  class space    used 11626K, capacity 12531K, committed 12544K, reserved 1048576K
}
Event: 1815.163 GC heap before
{Heap before GC invocations=22 (full 3):
 PSYoungGen      total 417792K, used 416920K [0x00000000e0000000, 0x00000000fc300000, 0x0000000100000000)
  eden space 401408K, 99% used [0x00000000e0000000,0x00000000f8757ec0,0x00000000f8800000)
  from space 16384K, 98% used [0x00000000fb300000,0x00000000fc2ce360,0x00000000fc300000)
  to   space 26624K, 0% used [0x00000000f8f00000,0x00000000f8f00000,0x00000000fa900000)
 ParOldGen       total 126976K, used 65632K [0x00000000a0000000, 0x00000000a7c00000, 0x00000000e0000000)
  object space 126976K, 51% used [0x00000000a0000000,0x00000000a4018090,0x00000000a7c00000)
 Metaspace       used 92877K, capacity 97478K, committed 97536K, reserved 1134592K
  class space    used 11631K, capacity 12538K, committed 12544K, reserved 1048576K
Event: 1815.185 GC heap after
Heap after GC invocations=22 (full 3):
 PSYoungGen      total 399872K, used 14847K [0x00000000e0000000, 0x00000000fb380000, 0x0000000100000000)
  eden space 385024K, 0% used [0x00000000e0000000,0x00000000e0000000,0x00000000f7800000)
  from space 14848K, 99% used [0x00000000f8f00000,0x00000000f9d7fca0,0x00000000f9d80000)
  to   space 22528K, 0% used [0x00000000f9d80000,0x00000000f9d80000,0x00000000fb380000)
 ParOldGen       total 126976K, used 65640K [0x00000000a0000000, 0x00000000a7c00000, 0x00000000e0000000)
  object space 126976K, 51% used [0x00000000a0000000,0x00000000a401a090,0x00000000a7c00000)
 Metaspace       used 92877K, capacity 97478K, committed 97536K, reserved 1134592K
  class space    used 11631K, capacity 12538K, committed 12544K, reserved 1048576K
}
Event: 1816.224 GC heap before
{Heap before GC invocations=23 (full 3):
 PSYoungGen      total 399872K, used 399871K [0x00000000e0000000, 0x00000000fb380000, 0x0000000100000000)
  eden space 385024K, 100% used [0x00000000e0000000,0x00000000f7800000,0x00000000f7800000)
  from space 14848K, 99% used [0x00000000f8f00000,0x00000000f9d7fca0,0x00000000f9d80000)
  to   space 22528K, 0% used [0x00000000f9d80000,0x00000000f9d80000,0x00000000fb380000)
 ParOldGen       total 126976K, used 65640K [0x00000000a0000000, 0x00000000a7c00000, 0x00000000e0000000)
  object space 126976K, 51% used [0x00000000a0000000,0x00000000a401a090,0x00000000a7c00000)
 Metaspace       used 92894K, capacity 97548K, committed 97792K, reserved 1134592K
  class space    used 11632K, capacity 12539K, committed 12544K, reserved 1048576K
Event: 1816.273 GC heap after
Heap after GC invocations=23 (full 3):
 PSYoungGen      total 420352K, used 5841K [0x00000000e0000000, 0x00000000fdf00000, 0x0000000100000000)
  eden space 397824K, 0% used [0x00000000e0000000,0x00000000e0000000,0x00000000f8480000)
  from space 22528K, 25% used [0x00000000f9d80000,0x00000000fa334550,0x00000000fb380000)
  to   space 25600K, 0% used [0x00000000f8480000,0x00000000f8480000,0x00000000f9d80000)
 ParOldGen       total 126976K, used 65640K [0x00000000a0000000, 0x00000000a7c00000, 0x00000000e0000000)
  object space 126976K, 51% used [0x00000000a0000000,0x00000000a401a090,0x00000000a7c00000)
 Metaspace       used 92894K, capacity 97548K, committed 97792K, reserved 1134592K
  class space    used 11632K, capacity 12539K, committed 12544K, reserved 1048576K
}
Event: 1820.230 GC heap before
{Heap before GC invocations=24 (full 3):
 PSYoungGen      total 420352K, used 134371K [0x00000000e0000000, 0x00000000fdf00000, 0x0000000100000000)
  eden space 397824K, 32% used [0x00000000e0000000,0x00000000e7d84750,0x00000000f8480000)
  from space 22528K, 25% used [0x00000000f9d80000,0x00000000fa334550,0x00000000fb380000)
  to   space 25600K, 0% used [0x00000000f8480000,0x00000000f8480000,0x00000000f9d80000)
 ParOldGen       total 126976K, used 65640K [0x00000000a0000000, 0x00000000a7c00000, 0x00000000e0000000)
  object space 126976K, 51% used [0x00000000a0000000,0x00000000a401a090,0x00000000a7c00000)
 Metaspace       used 93332K, capacity 98296K, committed 98380K, reserved 1134592K
  class space    used 11695K, capacity 12635K, committed 12672K, reserved 1048576K
Event: 1820.288 GC heap after
Heap after GC invocations=24 (full 3):
 PSYoungGen      total 423424K, used 9905K [0x00000000e0000000, 0x00000000feb00000, 0x0000000100000000)
  eden space 397824K, 0% used [0x00000000e0000000,0x00000000e0000000,0x00000000f8480000)
  from space 25600K, 38% used [0x00000000f8480000,0x00000000f8e2c580,0x00000000f9d80000)
  to   space 25088K, 0% used [0x00000000fd280000,0x00000000fd280000,0x00000000feb00000)
 ParOldGen       total 126976K, used 65640K [0x00000000a0000000, 0x00000000a7c00000, 0x00000000e0000000)
  object space 126976K, 51% used [0x00000000a0000000,0x00000000a401a090,0x00000000a7c00000)
 Metaspace       used 93332K, capacity 98296K, committed 98380K, reserved 1134592K
  class space    used 11695K, capacity 12635K, committed 12672K, reserved 1048576K
}
Event: 1820.288 GC heap before
{Heap before GC invocations=25 (full 4):
 PSYoungGen      total 423424K, used 9905K [0x00000000e0000000, 0x00000000feb00000, 0x0000000100000000)
  eden space 397824K, 0% used [0x00000000e0000000,0x00000000e0000000,0x00000000f8480000)
  from space 25600K, 38% used [0x00000000f8480000,0x00000000f8e2c580,0x00000000f9d80000)
  to   space 25088K, 0% used [0x00000000fd280000,0x00000000fd280000,0x00000000feb00000)
 ParOldGen       total 126976K, used 65640K [0x00000000a0000000, 0x00000000a7c00000, 0x00000000e0000000)
  object space 126976K, 51% used [0x00000000a0000000,0x00000000a401a090,0x00000000a7c00000)
 Metaspace       used 93332K, capacity 98296K, committed 98380K, reserved 1134592K
  class space    used 11695K, capacity 12635K, committed 12672K, reserved 1048576K

